<?xml version="1.0" encoding="UTF-8"?>
<!-- Generated by org.testng.reporters.JUnitReportReporter -->
<testsuite hostname="DESKTOP-8B6SBOE" name="myPackage.SmokeTest" tests="1" failures="0" timestamp="13 Jun 2020 15:24:52 GMT" time="81.518" errors="0">
  <testcase name="loginTest" time="81.518" classname="myPackage.SmokeTest"/>
</testsuite> <!-- myPackage.SmokeTest -->
